<?xml version="1.0" encoding="UTF-8"?>
<!-- Generated by org.testng.reporters.JUnitReportReporter -->
<testsuite hostname="DESKTOP-7OB19NV" failures="0" tests="4" name="SerialAndParralelExecution_TestNg.SerialAndParralel_3" time="26.066" errors="0" timestamp="2022-03-30T12:57:50 IST" skipped="0">
  <testcase classname="SerialAndParralelExecution_TestNg.SerialAndParralel_3" name="method3" time="9.655"/>
  <system-out/>
  <testcase classname="SerialAndParralelExecution_TestNg.SerialAndParralel_3" name="method4" time="5.232"/>
  <system-out/>
  <testcase classname="SerialAndParralelExecution_TestNg.SerialAndParralel_3" name="method1" time="6.370"/>
  <system-out/>
  <testcase classname="SerialAndParralelExecution_TestNg.SerialAndParralel_3" name="method4" time="4.809"/>
  <system-out/>
</testsuite> <!-- SerialAndParralelExecution_TestNg.SerialAndParralel_3 -->
