<?xml version="1.0" encoding="UTF-8"?>
<!-- Generated by org.testng.reporters.JUnitReportReporter -->
<testsuite hostname="DESKTOP-7OB19NV" failures="0" tests="1" name="TestNG.Annotation_study" time="0.012" errors="0" timestamp="2022-03-23T23:51:53 IST" skipped="0">
  <testcase classname="TestNG.Annotation_study" name="T1" time="0.012"/>
  <system-out>
    <![CDATA[Test case is running]]>
  </system-out>
</testsuite> <!-- TestNG.Annotation_study -->
