<?xml version="1.0" encoding="UTF-8"?>
<!-- Generated by org.testng.reporters.JUnitReportReporter -->
<testsuite hostname="DESKTOP-7OB19NV" failures="0" tests="1" name="TestNG.IncludeExclude_Test" time="0.012" errors="0" timestamp="2022-03-26T19:21:03 IST" skipped="0">
  <testcase classname="TestNG.IncludeExclude_Test" name="a" time="0.012"/>
  <system-out>
    <![CDATA[Running a method1]]>
  </system-out>
</testsuite> <!-- TestNG.IncludeExclude_Test -->
