<?xml version="1.0" encoding="UTF-8"?>
<!-- Generated by org.testng.reporters.JUnitReportReporter -->
<testsuite hostname="DESKTOP-7OB19NV" failures="0" tests="4" name="TestNG.MyClass" time="25.809" errors="0" timestamp="2022-03-26T19:21:51 IST" skipped="0">
  <testcase classname="TestNG.MyClass" name="method3" time="5.441"/>
  <system-out/>
  <testcase classname="TestNG.MyClass" name="method4" time="4.991"/>
  <system-out/>
  <testcase classname="TestNG.MyClass" name="method1" time="10.214"/>
  <system-out/>
  <testcase classname="TestNG.MyClass" name="method4" time="5.163"/>
  <system-out/>
</testsuite> <!-- TestNG.MyClass -->
