<?xml version="1.0" encoding="UTF-8"?>
<!-- Generated by org.testng.reporters.JUnitReportReporter -->
<testsuite hostname="DESKTOP-7OB19NV" failures="0" tests="2" name="GroupingTestNGxml.Grouping1" time="0.018" errors="0" timestamp="2022-03-28T17:00:17 IST" skipped="0">
  <testcase classname="GroupingTestNGxml.Grouping1" name="TC5" time="0.005"/>
  <system-out>
    <![CDATA[running TC5]]>
  </system-out>
  <testcase classname="GroupingTestNGxml.Grouping1" name="TC2" time="0.013"/>
  <system-out>
    <![CDATA[Running TC2 ]]>
  </system-out>
</testsuite> <!-- GroupingTestNGxml.Grouping1 -->
