<?xml version="1.0" encoding="UTF-8"?>
<!-- Generated by org.testng.reporters.JUnitReportReporter -->
<testsuite hostname="DESKTOP-7OB19NV" failures="0" tests="4" name="TestNG.NewTest" time="0.035" errors="0" timestamp="2022-03-25T00:00:39 IST" skipped="0">
  <testcase classname="TestNG.NewTest" name="method1" time="0.012"/>
  <system-out/>
  <testcase classname="TestNG.NewTest" name="method3" time="0.007"/>
  <system-out/>
  <testcase classname="TestNG.NewTest" name="method2" time="0.003"/>
  <system-out/>
  <testcase classname="TestNG.NewTest" name="method4" time="0.013"/>
  <system-out/>
</testsuite> <!-- TestNG.NewTest -->
