<?xml version="1.0" encoding="UTF-8"?>
<!-- Generated by org.testng.reporters.JUnitReportReporter -->
<testsuite hostname="DESKTOP-7OB19NV" failures="0" tests="2" name="TestNG.Test_study" time="0.008" errors="0" timestamp="2022-03-24T00:48:34 IST" skipped="0">
  <testcase classname="TestNG.Test_study" name="method2" time="0.005"/>
  <system-out>
    <![CDATA[Hi iam method2]]>
  </system-out>
  <testcase classname="TestNG.Test_study" name="method1" time="0.003"/>
  <system-out/>
</testsuite> <!-- TestNG.Test_study -->
