<?xml version="1.0" encoding="UTF-8"?>
<!-- Generated by org.testng.reporters.JUnitReportReporter -->
<testsuite hostname="DESKTOP-7OB19NV" failures="0" tests="4" name="SerialAndParralelExecution_TestNg.SerialParallel_1" time="29.079" errors="0" timestamp="2022-03-30T12:57:50 IST" skipped="0">
  <testcase classname="SerialAndParralelExecution_TestNg.SerialParallel_1" name="method3" time="9.335"/>
  <system-out/>
  <testcase classname="SerialAndParralelExecution_TestNg.SerialParallel_1" name="method4" time="4.987"/>
  <system-out/>
  <testcase classname="SerialAndParralelExecution_TestNg.SerialParallel_1" name="method4" time="5.039"/>
  <system-out/>
  <testcase classname="SerialAndParralelExecution_TestNg.SerialParallel_1" name="method1" time="9.718"/>
  <system-out/>
</testsuite> <!-- SerialAndParralelExecution_TestNg.SerialParallel_1 -->
