<?xml version="1.0" encoding="UTF-8"?>
<!-- Generated by org.testng.reporters.JUnitReportReporter -->
<testsuite hostname="DESKTOP-7OB19NV" failures="0" tests="3" name="GroupingTestNGxml.Grouping2" time="0.010" errors="0" timestamp="2022-03-28T17:00:17 IST" skipped="0">
  <testcase classname="GroupingTestNGxml.Grouping2" name="TC8" time="0.004"/>
  <system-out>
    <![CDATA[running TC8]]>
  </system-out>
  <testcase classname="GroupingTestNGxml.Grouping2" name="TC4" time="0.001"/>
  <system-out>
    <![CDATA[running TC4]]>
  </system-out>
  <testcase classname="GroupingTestNGxml.Grouping2" name="TC10" time="0.005"/>
  <system-out>
    <![CDATA[running TC10]]>
  </system-out>
</testsuite> <!-- GroupingTestNGxml.Grouping2 -->
