<?xml version="1.0" encoding="UTF-8"?>
<!-- Generated by org.testng.reporters.JUnitReportReporter -->
<testsuite hostname="DESKTOP-7OB19NV" failures="0" tests="2" name="TestNG.IncludeExclude2" time="0.012" errors="0" timestamp="2022-03-26T19:20:43 IST" skipped="0">
  <testcase classname="TestNG.IncludeExclude2" name="method5" time="0.011"/>
  <system-out>
    <![CDATA[method5 is running]]>
  </system-out>
  <testcase classname="TestNG.IncludeExclude2" name="method6" time="0.001"/>
  <system-out>
    <![CDATA[method6 is running]]>
  </system-out>
</testsuite> <!-- TestNG.IncludeExclude2 -->
