<?xml version="1.0" encoding="UTF-8"?>
<!-- Generated by org.testng.reporters.JUnitReportReporter -->
<testsuite hostname="DESKTOP-7OB19NV" failures="0" tests="1" name="TestNG_Package.POMtestNGModification" time="9.324" errors="0" timestamp="2022-03-31T23:53:02 IST" skipped="0">
  <testcase classname="TestNG_Package.POMtestNGModification" name="ValidateUserid" time="9.324"/>
  <system-out/>
</testsuite> <!-- TestNG_Package.POMtestNGModification -->
