<?xml version="1.0" encoding="UTF-8"?>
<!-- Generated by org.testng.reporters.JUnitReportReporter -->
<testsuite hostname="DESKTOP-7OB19NV" failures="0" tests="1" name="VerificationUsingTestNG_Assert.Assert_EqualsStudy" time="0.014" errors="0" timestamp="2022-04-01T13:24:21 IST" skipped="0">
  <testcase classname="VerificationUsingTestNG_Assert.Assert_EqualsStudy" name="f" time="0.014"/>
  <system-out/>
</testsuite> <!-- VerificationUsingTestNG_Assert.Assert_EqualsStudy -->
