<?xml version="1.0" encoding="UTF-8"?>
<!-- Generated by org.testng.reporters.JUnitReportReporter -->
<testsuite hostname="DESKTOP-7OB19NV" failures="0" tests="1" name="TestNG_Package.ErrorMessage_test" time="2.370" errors="0" timestamp="2022-04-01T20:53:45 IST" skipped="0">
  <testcase classname="TestNG_Package.ErrorMessage_test" name="ValidateErrorMessagePWD" time="2.370"/>
  <system-out>
    <![CDATA[Error:Password should be minimum 6 characters.]]>
  </system-out>
</testsuite> <!-- TestNG_Package.ErrorMessage_test -->
