<?xml version="1.0" encoding="UTF-8"?>
<!-- Generated by org.testng.reporters.JUnitReportReporter -->
<testsuite hostname="DESKTOP-7OB19NV" failures="0" tests="4" name="SerialAndParralelExecution_TestNg.SerialParallel_2" time="23.347" errors="0" timestamp="2022-03-30T12:57:50 IST" skipped="0">
  <testcase classname="SerialAndParralelExecution_TestNg.SerialParallel_2" name="method3" time="5.410"/>
  <system-out/>
  <testcase classname="SerialAndParralelExecution_TestNg.SerialParallel_2" name="method4" time="5.315"/>
  <system-out/>
  <testcase classname="SerialAndParralelExecution_TestNg.SerialParallel_2" name="method4" time="4.909"/>
  <system-out/>
  <testcase classname="SerialAndParralelExecution_TestNg.SerialParallel_2" name="method1" time="7.713"/>
  <system-out/>
</testsuite> <!-- SerialAndParralelExecution_TestNg.SerialParallel_2 -->
