<?xml version="1.0" encoding="UTF-8"?>
<!-- Generated by org.testng.reporters.JUnitReportReporter -->
<testsuite hostname="DESKTOP-7OB19NV" failures="0" tests="1" name="TestNG.Kitesample_SequenceExecution" time="0.011" errors="0" timestamp="2022-03-24T00:44:29 IST" skipped="0">
  <testcase classname="TestNG.Kitesample_SequenceExecution" name="validateUserID" time="0.011"/>
  <system-out>
    <![CDATA[userID validated TC is passed]]>
  </system-out>
</testsuite> <!-- TestNG.Kitesample_SequenceExecution -->
