<?xml version="1.0" encoding="UTF-8"?>
<!-- Generated by org.testng.reporters.JUnitReportReporter -->
<testsuite hostname="DESKTOP-7OB19NV" failures="0" tests="1" name="TestNG.FirefoxTest" time="17.669" errors="0" timestamp="2022-04-05T12:09:50 IST" skipped="0">
  <testcase classname="TestNG.FirefoxTest" name="f" time="17.669"/>
  <system-out/>
</testsuite> <!-- TestNG.FirefoxTest -->
