<?xml version="1.0" encoding="UTF-8"?>
<!-- Generated by org.testng.reporters.JUnitReportReporter -->
<testsuite hostname="DESKTOP-7OB19NV" failures="0" tests="3" name="TestNG.IncludeExclude_1" time="0.011" errors="0" timestamp="2022-03-26T19:20:43 IST" skipped="0">
  <testcase classname="TestNG.IncludeExclude_1" name="method2" time="0.004"/>
  <system-out>
    <![CDATA[method 2 is running]]>
  </system-out>
  <testcase classname="TestNG.IncludeExclude_1" name="method1" time="0.003"/>
  <system-out>
    <![CDATA[method 1 is running]]>
  </system-out>
  <testcase classname="TestNG.IncludeExclude_1" name="method3" time="0.004"/>
  <system-out>
    <![CDATA[method 3 is running]]>
  </system-out>
</testsuite> <!-- TestNG.IncludeExclude_1 -->
