<?xml version="1.0" encoding="UTF-8"?>
<!-- Generated by org.testng.reporters.JUnitReportReporter -->
<testsuite hostname="DESKTOP-7OB19NV" failures="0" tests="1" name="TestNG_Package.TestNG_usingproperties" time="3.785" errors="0" timestamp="2022-04-11T00:45:11 IST" skipped="0">
  <testcase classname="TestNG_Package.TestNG_usingproperties" name="validateUserID" time="3.785"/>
  <system-out>
    <![CDATA[validating please wait
succefully validated]]>
  </system-out>
</testsuite> <!-- TestNG_Package.TestNG_usingproperties -->
