<?xml version="1.0" encoding="UTF-8"?>
<!-- Generated by org.testng.reporters.JUnitReportReporter -->
<testsuite hostname="DESKTOP-7OB19NV" failures="0" tests="2" name="CrossBrowser_Testing.CTTesting" time="29.167" errors="0" timestamp="2022-04-05T13:39:36 IST" skipped="0">
  <testcase classname="CrossBrowser_Testing.CTTesting" name="crossBrowserT" time="13.237"/>
  <system-out/>
  <testcase classname="CrossBrowser_Testing.CTTesting" name="crossBrowserT" time="15.930"/>
  <system-out/>
</testsuite> <!-- CrossBrowser_Testing.CTTesting -->
